D:\USERS\SHETI\DOCUMENTS\VISUAL STUDIO 2012\PROJECTS\SEARCH\SEARCH\DEBUG\SEARCH.PCH
D:\USERS\SHETI\DOCUMENTS\VISUAL STUDIO 2012\PROJECTS\SEARCH\SEARCH\DEBUG\STDAFX.OBJ
D:\USERS\SHETI\DOCUMENTS\VISUAL STUDIO 2012\PROJECTS\SEARCH\SEARCH\DEBUG\VC110.PDB
D:\USERS\SHETI\DOCUMENTS\VISUAL STUDIO 2012\PROJECTS\SEARCH\SEARCH\DEBUG\SEARCH.OBJ
D:\USERS\SHETI\DOCUMENTS\VISUAL STUDIO 2012\PROJECTS\SEARCH\DEBUG\SEARCH.EXE
D:\USERS\SHETI\DOCUMENTS\VISUAL STUDIO 2012\PROJECTS\SEARCH\DEBUG\SEARCH.PDB
D:\Users\Sheti\Documents\Visual Studio 2012\Projects\search\search\Debug\search.obj
D:\Users\Sheti\Documents\Visual Studio 2012\Projects\search\search\Debug\stdafx.obj
D:\Users\Sheti\Documents\Visual Studio 2012\Projects\search\search\Debug\cl.command.1.tlog
D:\Users\Sheti\Documents\Visual Studio 2012\Projects\search\search\Debug\CL.read.1.tlog
D:\Users\Sheti\Documents\Visual Studio 2012\Projects\search\search\Debug\CL.write.1.tlog
D:\Users\Sheti\Documents\Visual Studio 2012\Projects\search\search\Debug\link-cvtres.read.1.tlog
D:\Users\Sheti\Documents\Visual Studio 2012\Projects\search\search\Debug\link-cvtres.write.1.tlog
D:\Users\Sheti\Documents\Visual Studio 2012\Projects\search\search\Debug\link-mt.read.1.tlog
D:\Users\Sheti\Documents\Visual Studio 2012\Projects\search\search\Debug\link-mt.write.1.tlog
D:\Users\Sheti\Documents\Visual Studio 2012\Projects\search\search\Debug\link-rc.read.1.tlog
D:\Users\Sheti\Documents\Visual Studio 2012\Projects\search\search\Debug\link-rc.write.1.tlog
D:\Users\Sheti\Documents\Visual Studio 2012\Projects\search\search\Debug\link.command.1.tlog
D:\Users\Sheti\Documents\Visual Studio 2012\Projects\search\search\Debug\link.read.1.tlog
D:\Users\Sheti\Documents\Visual Studio 2012\Projects\search\search\Debug\link.write.1.tlog
D:\Users\Sheti\Documents\Visual Studio 2012\Projects\search\search\Debug\search.pch
D:\Users\Sheti\Documents\Visual Studio 2012\Projects\search\search\Debug\vc110.idb
D:\Users\Sheti\Documents\Visual Studio 2012\Projects\search\search\Debug\vc110.pdb
D:\Users\Sheti\Documents\Visual Studio 2012\Projects\search\Debug\search.pdb
D:\Users\Sheti\Documents\Visual Studio 2012\Projects\search\Debug\search.exe
